<?xml version="1.0" encoding="UTF-8"?>
<testsuite name="be.ehb.multec.data.AdapterTest" tests="3" skipped="0" failures="0" errors="0" timestamp="2021-04-17T09:40:56" hostname="MacBook-Pro-de-Aylin.local" time="0.015">
  <properties/>
  <testcase name="adapterWithInterface" classname="be.ehb.multec.data.AdapterTest" time="0.01"/>
  <testcase name="adapterWithoutInterface" classname="be.ehb.multec.data.AdapterTest" time="0.001"/>
  <testcase name="adapterWithoutAdaptee" classname="be.ehb.multec.data.AdapterTest" time="0.004"/>
  <system-out><![CDATA[Mask costs $1.5
Mask costs $1.5
Mask costs $1.5
]]></system-out>
  <system-err><![CDATA[]]></system-err>
</testsuite>
