<?xml version="1.0" encoding="UTF-8"?>
<testsuite name="be.ehb.multec.model.MaskTest" tests="1" skipped="0" failures="0" errors="0" timestamp="2021-04-17T08:54:58" hostname="MacBook-Pro.local" time="0.013">
  <properties/>
  <testcase name="createMask" classname="be.ehb.multec.model.MaskTest" time="0.013"/>
  <system-out><![CDATA[Surgical mask, color: blue, pattern: kaleodoscope, size: small â‚¬1.9
]]></system-out>
  <system-err><![CDATA[]]></system-err>
</testsuite>
